\BOOKMARK [0][-]{chapter.1}{\376\377\000A\000g\000e\000n\000t\000\040\000P\000a\000y\000m\000e\000n\000t\000\040\000P\000r\000o\000t\000o\000c\000o\000l\000\040\000S\000a\000m\000p\000l\000e\000s}{}% 1
\BOOKMARK [1][-]{section.1.1}{\376\377\000I\000n\000t\000r\000o\000d\000u\000c\000t\000i\000o\000n}{chapter.1}% 2
\BOOKMARK [2][-]{subsection.1.1.1}{\376\377\000A\000P\0002\000\040\325\004\270\134\321\240\317\134\000\040\254\034\306\224}{section.1.1}% 3
\BOOKMARK [2][-]{subsection.1.1.2}{\376\377\301\070\000\040\254\000\311\300\000\040\302\334\260\230\271\254\306\044}{section.1.1}% 4
\BOOKMARK [2][-]{subsection.1.1.3}{\376\377\000C\000a\000r\000d\000s\000:\000\040\256\060\310\164\000\040\307\170\325\004\267\174\000\040\326\134\306\251}{section.1.1}% 5
\BOOKMARK [3][-]{subsubsection*.3}{\376\377\310\374\306\224\000\040\322\271\311\325}{subsection.1.1.3}% 6
\BOOKMARK [3][-]{subsubsection*.4}{\376\377\300\254\306\251\000\040\300\254\270\100}{subsection.1.1.3}% 7
\BOOKMARK [3][-]{subsubsection*.5}{\376\377\325\134\254\304\310\020}{subsection.1.1.3}% 8
\BOOKMARK [2][-]{subsection.1.1.4}{\376\377\000D\000P\000C\000:\000\040\265\024\311\300\321\070\000\040\307\220\254\251\311\235\272\205\000\040\256\060\274\030\000\040\254\260\310\034}{section.1.1}% 9
\BOOKMARK [3][-]{subsubsection*.6}{\376\377\310\374\306\224\000\040\322\271\311\325}{subsection.1.1.4}% 10
\BOOKMARK [3][-]{subsubsection*.7}{\376\377\300\254\306\251\000\040\300\254\270\100}{subsection.1.1.4}% 11
\BOOKMARK [3][-]{subsubsection*.8}{\376\377\325\134\254\304\310\020}{subsection.1.1.4}% 12
\BOOKMARK [2][-]{subsection.1.1.5}{\376\377\000x\0004\0000\0002\000:\000\040\000H\000T\000T\000P\000\040\261\044\307\164\322\360\276\014\000\040\254\260\310\034}{section.1.1}% 13
\BOOKMARK [3][-]{subsubsection*.9}{\376\377\310\374\306\224\000\040\322\271\311\325}{subsection.1.1.5}% 14
\BOOKMARK [3][-]{subsubsection*.10}{\376\377\300\254\306\251\000\040\300\254\270\100}{subsection.1.1.5}% 15
\BOOKMARK [3][-]{subsubsection*.11}{\376\377\325\134\254\304\310\020\000\040\274\017\000\040\254\340\270\044\300\254\325\155}{subsection.1.1.5}% 16
\BOOKMARK [3][-]{subsubsection*.12}{\376\377\000x\0004\0000\0002\307\130\000\040\273\370\267\230\000\040\310\004\271\335}{subsection.1.1.5}% 17
\BOOKMARK [1][-]{section.1.2}{\376\377\254\260\270\140}{chapter.1}% 18
\BOOKMARK [2][-]{subsection.1.2.1}{\376\377\302\334\260\230\271\254\306\044\000\040\276\104\255\120}{section.1.2}% 19
\BOOKMARK [3][-]{subsubsection*.13}{\376\377\263\304\307\205\000\040\320\300\307\204\267\174\307\170}{subsection.1.2.1}% 20
\BOOKMARK [3][-]{subsubsection*.14}{\376\377\276\104\311\210\262\310\302\244\000\040\255\000\310\020}{subsection.1.2.1}% 21
\BOOKMARK [3][-]{subsubsection*.15}{\376\377\256\060\302\040\000\040\255\154\326\004\000\040\255\000\310\020}{subsection.1.2.1}% 22
\BOOKMARK [3][-]{subsubsection*.16}{\376\377\274\364\305\110\000\040\274\017\000\040\300\254\306\251\307\220\000\040\254\275\325\330}{subsection.1.2.1}% 23
\BOOKMARK [2][-]{subsection.1.2.2}{\376\377\254\001\000\040\302\334\260\230\271\254\306\044\307\130\000\040\323\354\311\300\301\124\262\335}{section.1.2}% 24
\BOOKMARK [2][-]{subsection.1.2.3}{\376\377\255\214\307\245\000\040\263\304\307\205\000\040\310\004\267\265}{section.1.2}% 25
\BOOKMARK [2][-]{subsection.1.2.4}{\376\377\254\260\270\140}{section.1.2}% 26
\BOOKMARK [1][-]{section.1.3}{\376\377\000R\000e\000f\000e\000r\000e\000n\000c\000e\000s}{chapter.1}% 27
\BOOKMARK [0][-]{chapter.2}{\376\377\000C\000a\000r\000d\000s\000\040\302\334\260\230\271\254\306\044}{}% 28
\BOOKMARK [1][-]{section.2.1}{\376\377\000S\000e\000q\000u\000e\000n\000c\000e\000\040\000D\000i\000a\000g\000r\000a\000m}{chapter.2}% 29
\BOOKMARK [1][-]{section.2.2}{\376\377\000K\000e\000y\000\040\000C\000o\000m\000p\000o\000n\000e\000n\000t\000s}{chapter.2}% 30
\BOOKMARK [2][-]{subsection.2.2.1}{\376\377\0001\000.\000\040\000I\000n\000t\000e\000n\000t\000M\000a\000n\000d\000a\000t\000e\000\040\000S\000t\000r\000u\000c\000t\000u\000r\000e}{section.2.2}% 31
\BOOKMARK [2][-]{subsection.2.2.2}{\376\377\0002\000.\000\040\000C\000a\000r\000t\000M\000a\000n\000d\000a\000t\000e\000\040\000S\000t\000r\000u\000c\000t\000u\000r\000e}{section.2.2}% 32
\BOOKMARK [2][-]{subsection.2.2.3}{\376\377\0003\000.\000\040\000P\000a\000y\000m\000e\000n\000t\000M\000a\000n\000d\000a\000t\000e\000\040\000S\000t\000r\000u\000c\000t\000u\000r\000e}{section.2.2}% 33
\BOOKMARK [2][-]{subsection.2.2.4}{\376\377\0004\000.\000\040\000P\000a\000y\000m\000e\000n\000t\000\040\000C\000r\000e\000d\000e\000n\000t\000i\000a\000l\000\040\000T\000o\000k\000e\000n}{section.2.2}% 34
\BOOKMARK [2][-]{subsection.2.2.5}{\376\377\0005\000.\000\040\000O\000T\000P\000\040\000C\000h\000a\000l\000l\000e\000n\000g\000e}{section.2.2}% 35
\BOOKMARK [1][-]{section.2.3}{\376\377\000P\000r\000o\000t\000o\000c\000o\000l\000\040\000F\000l\000o\000w\000\040\000D\000e\000t\000a\000i\000l\000s}{chapter.2}% 36
\BOOKMARK [2][-]{subsection.2.3.1}{\376\377\000M\000a\000n\000d\000a\000t\000e\000\040\000L\000i\000f\000e\000c\000y\000c\000l\000e}{section.2.3}% 37
\BOOKMARK [2][-]{subsection.2.3.2}{\376\377\000S\000e\000c\000u\000r\000i\000t\000y\000\040\000F\000e\000a\000t\000u\000r\000e\000s}{section.2.3}% 38
\BOOKMARK [2][-]{subsection.2.3.3}{\376\377\000A\000g\000e\000n\000t\000\040\000R\000e\000s\000p\000o\000n\000s\000i\000b\000i\000l\000i\000t\000i\000e\000s}{section.2.3}% 39
\BOOKMARK [2][-]{subsection.2.3.4}{\376\377\000P\000r\000o\000t\000o\000c\000o\000l\000\040\000S\000t\000a\000n\000d\000a\000r\000d\000s}{section.2.3}% 40
\BOOKMARK [2][-]{subsection.2.3.5}{\376\377\000N\000o\000t\000e\000s}{section.2.3}% 41
\BOOKMARK [1][-]{section.2.4}{\376\377\000A\000I\000\040\305\320\307\164\310\004\322\270\000\040\321\265\325\151\000\040\274\051\302\335}{chapter.2}% 42
\BOOKMARK [0][-]{chapter.3}{\376\377\000D\000P\000C\000\040\302\334\260\230\271\254\306\044}{}% 43
\BOOKMARK [1][-]{section.3.1}{\376\377\000S\000e\000q\000u\000e\000n\000c\000e\000\040\000D\000i\000a\000g\000r\000a\000m}{chapter.3}% 44
\BOOKMARK [1][-]{section.3.2}{\376\377\000K\000e\000y\000\040\000C\000o\000m\000p\000o\000n\000e\000n\000t\000s}{chapter.3}% 45
\BOOKMARK [2][-]{subsection.3.2.1}{\376\377\0001\000.\000\040\000O\000p\000e\000n\000I\000D\0004\000V\000P\000\040\000R\000e\000q\000u\000e\000s\000t\000\040\000S\000t\000r\000u\000c\000t\000u\000r\000e}{section.3.2}% 46
\BOOKMARK [2][-]{subsection.3.2.2}{\376\377\0002\000.\000\040\000T\000r\000a\000n\000s\000a\000c\000t\000i\000o\000n\000\040\000D\000a\000t\000a\000\040\000S\000t\000r\000u\000c\000t\000u\000r\000e}{section.3.2}% 47
\BOOKMARK [2][-]{subsection.3.2.3}{\376\377\0003\000.\000\040\000S\000e\000c\000u\000r\000i\000t\000y\000\040\000F\000e\000a\000t\000u\000r\000e\000s}{section.3.2}% 48
\BOOKMARK [1][-]{section.3.3}{\376\377\000P\000r\000o\000t\000o\000c\000o\000l\000\040\000S\000t\000a\000n\000d\000a\000r\000d\000s}{chapter.3}% 49
\BOOKMARK [1][-]{section.3.4}{\376\377\000C\000o\000m\000p\000a\000r\000i\000s\000o\000n\000\040\000w\000i\000t\000h\000\040\000E\000U\000D\000I\000\040\000W\000a\000l\000l\000e\000t}{chapter.3}% 50
\BOOKMARK [1][-]{section.3.5}{\376\377\000N\000o\000t\000e\000s}{chapter.3}% 51
\BOOKMARK [1][-]{section.3.6}{\376\377\000C\000M\000W\000a\000l\000l\000e\000t\000\040\254\034\306\224}{chapter.3}% 52
\BOOKMARK [1][-]{section.3.7}{\376\377\000A\000n\000d\000r\000o\000i\000d\000\040\000C\000r\000e\000d\000e\000n\000t\000i\000a\000l\000\040\000M\000a\000n\000a\000g\000e\000r\000\040\000A\000P\000I\000\040\321\265\325\151\000\040\327\120\271\204}{chapter.3}% 53
\BOOKMARK [1][-]{section.3.8}{\376\377\000D\000P\000C\000\040\256\060\302\040\000\040\300\301\301\070\000\040\275\204\301\035}{chapter.3}% 54
\BOOKMARK [1][-]{section.3.9}{\376\377\000E\000U\000I\000D\000\040\000W\000a\000l\000l\000e\000t\000\040\000\050\000E\000U\000\040\000D\000i\000g\000i\000t\000a\000l\000\040\000I\000d\000e\000n\000t\000i\000t\000y\000\040\000W\000a\000l\000l\000e\000t\000\051\000\040\324\134\311\000\000\040\305\360\255\000\301\061}{chapter.3}% 55
\BOOKMARK [2][-]{subsection.3.9.1}{\376\377\000O\000I\000D\0004\000V\000P\000\040\000\050\000O\000p\000e\000n\000I\000D\000\040\000f\000o\000r\000\040\000V\000e\000r\000i\000f\000i\000a\000b\000l\000e\000\040\000P\000r\000e\000s\000e\000n\000t\000a\000i\000t\000o\000n\000\051\000\040\325\004\270\134\321\240\317\134\000\040\300\254\306\251}{section.3.9}% 56
\BOOKMARK [2][-]{subsection.3.9.2}{\376\377\000I\000S\000O\000/\000I\000E\000C\000\040\0001\0008\0000\0001\0003\000-\0005\000\040\000m\000o\000d\000e\000\040\326\025\302\335\000\040\311\300\306\320}{section.3.9}% 57
\BOOKMARK [2][-]{subsection.3.9.3}{\376\377\000D\000C\000Q\000L\000\040\000\050\000D\000i\000g\000i\000t\000a\000l\000\040\000C\000r\000e\000d\000e\000n\000t\000i\000a\000l\000s\000\040\000Q\000u\000e\000r\000y\000\040\000L\000a\000n\000g\000u\000a\000g\000e\000\051\000\040\300\254\306\251}{section.3.9}% 58
\BOOKMARK [2][-]{subsection.3.9.4}{\376\377\000A\000n\000d\000r\000o\000i\000d\000\040\000C\000r\000e\000d\000e\000n\000t\000i\000a\000l\000\040\000M\000a\000n\000a\000g\000e\000r\000\040\000A\000P\000I\000\040\321\265\325\151}{section.3.9}% 59
\BOOKMARK [2][-]{subsection.3.9.5}{\376\377\000D\000P\000C\000\040\000v\000s\000\040\000E\000U\000D\000I\000\040\000W\000a\000l\000l\000e\000t\000\040\314\050\307\164\310\020}{section.3.9}% 60
\BOOKMARK [2][-]{subsection.3.9.6}{\376\377\000D\000P\000C\000\040\325\134\254\304\310\020\000\040\274\017\000\040\254\340\270\044\300\254\325\155}{section.3.9}% 61
\BOOKMARK [1][-]{section.3.10}{\376\377\000D\000P\000C\000\040\254\034\301\040\000\040\274\051\325\245\000\040\000\050\000N\000e\000x\000t\000\040\000S\000t\000e\000p\000s\000\051}{chapter.3}% 62
\BOOKMARK [2][-]{subsection.3.10.1}{\376\377\301\034\272\205\264\034\000\040\000O\000p\000e\000n\000I\000D\0004\000V\000P\000\040\327\120\271\204\307\074\270\134\307\130\000\040\310\004\326\130}{section.3.10}% 63
\BOOKMARK [2][-]{subsection.3.10.2}{\376\377\307\254\326\004\000\040\254\365\254\251\000\040\274\017\000\040\320\244\000\040\255\000\271\254\000\040\254\034\301\040}{section.3.10}% 64
\BOOKMARK [2][-]{subsection.3.10.3}{\376\377\000M\000e\000r\000c\000h\000a\000n\000t\000\040\316\041\000\040\274\364\311\235\000\040\302\030\311\000\000\040\300\301\325\245}{section.3.10}% 65
\BOOKMARK [2][-]{subsection.3.10.4}{\376\377\000i\000O\000S\000\040\274\017\000\040\256\060\320\300\000\040\325\014\267\253\323\374\000\040\310\025\325\151\301\061}{section.3.10}% 66
\BOOKMARK [2][-]{subsection.3.10.5}{\376\377\300\335\320\334\254\304\000\040\274\017\000\040\255\334\310\034\000\040\263\000\307\121}{section.3.10}% 67
\BOOKMARK [0][-]{chapter.4}{\376\377\000x\0004\0000\0002\000\040\302\334\260\230\271\254\306\044}{}% 68
\BOOKMARK [1][-]{section.4.1}{\376\377\000S\000e\000q\000u\000e\000n\000c\000e\000\040\000D\000i\000a\000g\000r\000a\000m}{chapter.4}% 69
\BOOKMARK [1][-]{section.4.2}{\376\377\000K\000e\000y\000\040\000C\000o\000m\000p\000o\000n\000e\000n\000t\000s}{chapter.4}% 70
\BOOKMARK [2][-]{subsection.4.2.1}{\376\377\0001\000.\000\040\000I\000n\000t\000e\000n\000t\000M\000a\000n\000d\000a\000t\000e\000\040\000S\000t\000r\000u\000c\000t\000u\000r\000e}{section.4.2}% 71
\BOOKMARK [2][-]{subsection.4.2.2}{\376\377\0002\000.\000\040\000C\000a\000r\000t\000M\000a\000n\000d\000a\000t\000e\000\040\000S\000t\000r\000u\000c\000t\000u\000r\000e\000\040\000w\000i\000t\000h\000\040\000x\0004\0000\0002\000\040\000S\000u\000p\000p\000o\000r\000t}{section.4.2}% 72
\BOOKMARK [2][-]{subsection.4.2.3}{\376\377\0003\000.\000\040\000P\000a\000y\000m\000e\000n\000t\000M\000a\000n\000d\000a\000t\000e\000\040\000S\000t\000r\000u\000c\000t\000u\000r\000e\000\040\000f\000o\000r\000\040\000x\0004\0000\0002}{section.4.2}% 73
\BOOKMARK [2][-]{subsection.4.2.4}{\376\377\0004\000.\000\040\000x\0004\0000\0002\000\040\000P\000a\000y\000m\000e\000n\000t\000\040\000C\000r\000e\000d\000e\000n\000t\000i\000a\000l\000\040\000T\000o\000k\000e\000n}{section.4.2}% 74
\BOOKMARK [2][-]{subsection.4.2.5}{\376\377\0005\000.\000\040\000B\000l\000o\000c\000k\000c\000h\000a\000i\000n\000\040\000T\000r\000a\000n\000s\000a\000c\000t\000i\000o\000n\000\040\000S\000t\000r\000u\000c\000t\000u\000r\000e}{section.4.2}% 75
\BOOKMARK [2][-]{subsection.4.2.6}{\376\377\0006\000.\000\040\000T\000r\000a\000n\000s\000a\000c\000t\000i\000o\000n\000\040\000R\000e\000c\000e\000i\000p\000t}{section.4.2}% 76
\BOOKMARK [1][-]{section.4.3}{\376\377\256\060\302\040\000\040\300\301\301\070}{chapter.4}% 77
\BOOKMARK [2][-]{subsection.4.3.1}{\376\377\000H\000T\000T\000P\000\040\0004\0000\0002\000\040\300\301\320\334\000\040\317\124\264\334}{section.4.3}% 78
\BOOKMARK [2][-]{subsection.4.3.2}{\376\377\305\320\307\164\310\004\322\270\000\040\307\220\263\331\000\040\254\260\310\034\000\040\270\134\311\301}{section.4.3}% 79
\BOOKMARK [2][-]{subsection.4.3.3}{\376\377\254\260\310\034\000\040\321\240\320\160\000\040\254\200\311\235}{section.4.3}% 80
\BOOKMARK [0][-]{chapter.5}{\376\377\000B\000O\000S\000H\000\040\000A\000g\000e\000n\000t\000\040\000D\000e\000v\000e\000l\000o\000p\000m\000e\000n\000t\000\040\000S\000e\000t\000u\000p}{}% 81
\BOOKMARK [1][-]{section.5.1}{\376\377\000R\000u\000n\000n\000i\000n\000g\000\040\000l\000o\000c\000a\000l\000l\000y}{chapter.5}% 82
\BOOKMARK [1][-]{section.5.2}{\376\377\000B\000l\000o\000b\000s\000t\000o\000r\000e\000s}{chapter.5}% 83
\BOOKMARK [1][-]{section.5.3}{\376\377\000S\000e\000t\000\040\000u\000p\000\040\000a\000\040\000w\000o\000r\000k\000s\000t\000a\000t\000i\000o\000n\000\040\000f\000o\000r\000\040\000d\000e\000v\000e\000l\000o\000p\000m\000e\000n\000t}{chapter.5}% 84
\BOOKMARK [2][-]{subsection.5.3.1}{\376\377\000U\000p\000d\000a\000t\000i\000n\000g\000\040\000d\000e\000p\000e\000n\000d\000e\000n\000c\000i\000e\000s}{section.5.3}% 85
\BOOKMARK [2][-]{subsection.5.3.2}{\376\377\000R\000u\000n\000n\000i\000n\000g\000\040\000t\000e\000s\000t\000s}{section.5.3}% 86
\BOOKMARK [2][-]{subsection.5.3.3}{\376\377\000U\000s\000i\000n\000g\000\040\000I\000n\000t\000e\000l\000l\000i\000J\000\040\000w\000i\000t\000h\000\040\000G\000o\000\040\000a\000n\000d\000\040\000t\000h\000e\000\040\000B\000O\000S\000H\000\040\000A\000g\000e\000n\000t}{section.5.3}% 87
\BOOKMARK [0][-]{chapter.6}{\376\377\000B\000O\000S\000H\000\040\000l\000i\000n\000u\000x\000\040\000s\000t\000e\000m\000c\000e\000l\000l\000\040\000b\000u\000i\000l\000d\000e\000r}{}% 88
\BOOKMARK [1][-]{section.6.1}{\376\377\000C\000o\000n\000c\000o\000u\000r\000s\000e\000\040\000w\000o\000r\000k\000f\000l\000o\000w}{chapter.6}% 89
\BOOKMARK [1][-]{section.6.2}{\376\377\000P\000e\000r\000i\000o\000d\000i\000c\000\040\000b\000u\000m\000p}{chapter.6}% 90
\BOOKMARK [1][-]{section.6.3}{\376\377\000R\000a\000k\000e\000f\000i\000l\000e}{chapter.6}% 91
\BOOKMARK [1][-]{section.6.4}{\376\377\000b\000u\000i\000l\000d\000\137\000o\000s\000\137\000i\000m\000a\000g\000e}{chapter.6}% 92
\BOOKMARK [1][-]{section.6.5}{\376\377\000u\000p\000l\000o\000a\000d\000\137\000o\000s\000\137\000i\000m\000a\000g\000e\000\040\000/\000\040\000d\000o\000w\000n\000l\000o\000a\000d\000\137\000o\000s\000\137\000i\000m\000a\000g\000e}{chapter.6}% 93
\BOOKMARK [1][-]{section.6.6}{\376\377\000b\000u\000i\000l\000d\000\050\000\137\000w\000i\000t\000h\000\137\000l\000o\000c\000a\000l\000\137\000o\000s\000\137\000i\000m\000a\000g\000e\000\051}{chapter.6}% 94
\BOOKMARK [0][-]{chapter.7}{\376\377\000B\000O\000S\000H\000\040\000l\000i\000t\000e\000\040\000r\000e\000s\000i\000z\000i\000n\000g}{}% 95
\BOOKMARK [1][-]{section.7.1}{\376\377\000r\000e\000s\000i\000z\000i\000n\000g\000\040\000m\000e\000m\000o\000r\000y}{chapter.7}% 96
\BOOKMARK [1][-]{section.7.2}{\376\377\000r\000e\000s\000i\000z\000i\000n\000g\000\040\000d\000i\000s\000k}{chapter.7}% 97
\BOOKMARK [0][-]{chapter.8}{\376\377\000U\000s\000i\000n\000g\000\040\000u\000p\000s\000t\000a\000r\000t\000\040\000o\000n\000\040\000u\000b\000u\000n\000t\000u}{}% 98
\BOOKMARK [1][-]{section.8.1}{\376\377\306\044\267\230\000\040\263\314\305\104\305\174\000\040\325\130\262\224\000\040\301\034\274\204\000\040\266\020\262\224\000\040\306\314\316\344\271\174\000\040\255\000\271\254\325\130\262\224\000\040\302\244\271\310\322\270\325\130\311\300\000\040\305\112\307\100\000\040\274\051\274\225}{chapter.8}% 99
\BOOKMARK [1][-]{section.8.2}{\376\377\302\244\271\310\322\270\325\130\311\300\000\040\305\112\307\100\000\040\274\051\274\225\307\130\000\040\273\070\310\034\310\020}{chapter.8}% 100
\BOOKMARK [1][-]{section.8.3}{\376\377\306\260\275\204\322\054\305\320\301\034\000\040\256\060\274\370\307\074\270\134\000\040\310\034\254\365\264\030\262\224\000\040\000u\000p\000s\000t\000a\000r\000t\000\040\271\174\000\040\300\254\306\251\325\130\262\224\000\040\302\244\271\310\322\270\325\134\000\040\274\051\274\225}{chapter.8}% 101
\BOOKMARK [1][-]{section.8.4}{\376\377\301\044\310\025\000\040\323\014\307\174\000\040\301\044\316\130\325\130\256\060}{chapter.8}% 102
\BOOKMARK [1][-]{section.8.5}{\376\377\302\354\274\374\271\255\000\040\271\301\320\154\270\134\000\040\301\044\316\130\325\130\256\060}{chapter.8}% 103
\BOOKMARK [1][-]{section.8.6}{\376\377\301\034\276\104\302\244\000\040\255\000\271\254}{chapter.8}% 104
\BOOKMARK [1][-]{section.8.7}{\376\377\301\044\310\025\000\040\323\014\307\174\000\040\307\221\301\061}{chapter.8}% 105
\BOOKMARK [2][-]{subsection.8.7.1}{\376\377\272\205\270\071\305\264\000\040\311\300\310\025}{section.8.7}% 106
\BOOKMARK [2][-]{subsection.8.7.2}{\376\377\307\220\263\331\000\040\302\334\307\221\000\040\000/\000\040\311\021\262\350\000\040\310\160\254\164}{section.8.7}% 107
\BOOKMARK [2][-]{subsection.8.7.3}{\376\377\302\344\325\211\000\040\255\214\325\134\000\040\301\044\310\025}{section.8.7}% 108
\BOOKMARK [2][-]{subsection.8.7.4}{\376\377\302\344\325\211\000\040\326\130\254\275\000\040\301\044\310\025}{section.8.7}% 109
\BOOKMARK [2][-]{subsection.8.7.5}{\376\377\307\220\263\331\000\040\307\254\302\334\307\221\000\040\000\050\000r\000e\000s\000p\000a\000w\000n\000\051}{section.8.7}% 110
\BOOKMARK [2][-]{subsection.8.7.6}{\376\377\270\134\255\370\000\040\323\014\307\174}{section.8.7}% 111
\BOOKMARK [2][-]{subsection.8.7.7}{\376\377\301\044\310\025\000\040\323\014\307\174\000\040\306\010\310\034}{section.8.7}% 112
\BOOKMARK [1][-]{section.8.8}{\376\377\000A\000l\000t\000e\000r\000n\000a\000t\000i\000v\000e\000s}{chapter.8}% 113
\BOOKMARK [1][-]{section.8.9}{\376\377\314\070\310\160\000\040\307\220\270\314}{chapter.8}% 114
\BOOKMARK [0][-]{chapter.9}{\376\377\000B\000y\000p\000a\000s\000s\000i\000n\000g\000\040\000c\000o\000r\000p\000o\000r\000a\000t\000e\000\040\000f\000i\000r\000e\000w\000a\000l\000l\000\040\000w\000i\000t\000h\000\040\000r\000e\000v\000e\000r\000s\000e\000\040\000s\000s\000h\000\040\000p\000o\000r\000t\000\040\000f\000o\000r\000w\000a\000r\000d\000i\000n\000g}{}% 115
\BOOKMARK [1][-]{section.9.1}{\376\377\000T\000h\000e\000\040\000p\000r\000o\000b\000l\000e\000m}{chapter.9}% 116
\BOOKMARK [2][-]{subsection.9.1.1}{\376\377\000H\000o\000w\000\040\000c\000a\000n\000\040\000y\000o\000u\000\040\000a\000c\000c\000e\000s\000s\000\040\000y\000o\000u\000r\000\040\000o\000f\000f\000i\000c\000e\000\040\000P\000C\000\040\000t\000h\000e\000n\000?}{section.9.1}% 117
\BOOKMARK [1][-]{section.9.2}{\376\377\000T\000h\000e\000\040\000s\000o\000l\000u\000t\000i\000o\000n}{chapter.9}% 118
\BOOKMARK [1][-]{section.9.3}{\376\377\000R\000e\000a\000l\000\040\000l\000i\000f\000e\000\040\000e\000x\000a\000m\000p\000l\000e}{chapter.9}% 119
\BOOKMARK [1][-]{section.9.4}{\376\377\000R\000e\000a\000l\000\040\000l\000i\000f\000e\000\040\000e\000x\000a\000m\000p\000l\000e\000\040\0002}{chapter.9}% 120
\BOOKMARK [1][-]{section.9.5}{\376\377\000S\000o\000m\000e\000\040\000m\000o\000r\000e\000\040\000f\000u\000n\000\040\000w\000i\000t\000h\000\040\000r\000e\000v\000e\000r\000s\000e\000\040\000t\000u\000n\000n\000e\000l\000s}{chapter.9}% 121
\BOOKMARK [1][-]{section.9.6}{\376\377\000A\000u\000t\000o\000m\000a\000t\000i\000n\000g\000\040\000t\000h\000e\000\040\000t\000a\000s\000k}{chapter.9}% 122
\BOOKMARK [0][-]{chapter.10}{\376\377\000B\000O\000S\000H\000\040\000t\000a\000s\000k}{}% 123
\BOOKMARK [1][-]{section.10.1}{\376\377\000T\000a\000s\000k\000s}{chapter.10}% 124
\BOOKMARK [1][-]{section.10.2}{\376\377\000c\000a\000n\000c\000e\000l\000-\000t\000a\000s\000k}{chapter.10}% 125
